Determining if the pthread_create exist failed with the following output:
Change Dir: /home/uav_master/vision_ws/build/rovio/CMakeFiles/CMakeTmp

Run Build Command:"/usr/bin/make" "cmTryCompileExec4208979733/fast"
/usr/bin/make -f CMakeFiles/cmTryCompileExec4208979733.dir/build.make CMakeFiles/cmTryCompileExec4208979733.dir/build
make[1]: Entering directory `/home/uav_master/vision_ws/build/rovio/CMakeFiles/CMakeTmp'
/usr/bin/cmake -E cmake_progress_report /home/uav_master/vision_ws/build/rovio/CMakeFiles/CMakeTmp/CMakeFiles 1
Building C object CMakeFiles/cmTryCompileExec4208979733.dir/CheckSymbolExists.c.o
/usr/bin/cc    -o CMakeFiles/cmTryCompileExec4208979733.dir/CheckSymbolExists.c.o   -c /home/uav_master/vision_ws/build/rovio/CMakeFiles/CMakeTmp/CheckSymbolExists.c
Linking C executable cmTryCompileExec4208979733
/usr/bin/cmake -E cmake_link_script CMakeFiles/cmTryCompileExec4208979733.dir/link.txt --verbose=1
/usr/bin/cc       CMakeFiles/cmTryCompileExec4208979733.dir/CheckSymbolExists.c.o  -o cmTryCompileExec4208979733 -rdynamic 
CMakeFiles/cmTryCompileExec4208979733.dir/CheckSymbolExists.c.o: In function `main':
CheckSymbolExists.c:(.text+0x16): undefined reference to `pthread_create'
collect2: error: ld returned 1 exit status
make[1]: *** [cmTryCompileExec4208979733] Error 1
make[1]: Leaving directory `/home/uav_master/vision_ws/build/rovio/CMakeFiles/CMakeTmp'
make: *** [cmTryCompileExec4208979733/fast] Error 2

File /home/uav_master/vision_ws/build/rovio/CMakeFiles/CMakeTmp/CheckSymbolExists.c:
/* */
#include <pthread.h>

int main(int argc, char** argv)
{
  (void)argv;
#ifndef pthread_create
  return ((int*)(&pthread_create))[argc];
#else
  (void)argc;
  return 0;
#endif
}

Determining if the function pthread_create exists in the pthreads failed with the following output:
Change Dir: /home/uav_master/vision_ws/build/rovio/CMakeFiles/CMakeTmp

Run Build Command:"/usr/bin/make" "cmTryCompileExec2638527315/fast"
/usr/bin/make -f CMakeFiles/cmTryCompileExec2638527315.dir/build.make CMakeFiles/cmTryCompileExec2638527315.dir/build
make[1]: Entering directory `/home/uav_master/vision_ws/build/rovio/CMakeFiles/CMakeTmp'
/usr/bin/cmake -E cmake_progress_report /home/uav_master/vision_ws/build/rovio/CMakeFiles/CMakeTmp/CMakeFiles 1
Building C object CMakeFiles/cmTryCompileExec2638527315.dir/CheckFunctionExists.c.o
/usr/bin/cc   -DCHECK_FUNCTION_EXISTS=pthread_create   -o CMakeFiles/cmTryCompileExec2638527315.dir/CheckFunctionExists.c.o   -c /usr/share/cmake-3.2/Modules/CheckFunctionExists.c
Linking C executable cmTryCompileExec2638527315
/usr/bin/cmake -E cmake_link_script CMakeFiles/cmTryCompileExec2638527315.dir/link.txt --verbose=1
/usr/bin/cc   -DCHECK_FUNCTION_EXISTS=pthread_create    CMakeFiles/cmTryCompileExec2638527315.dir/CheckFunctionExists.c.o  -o cmTryCompileExec2638527315 -rdynamic -lpthreads 
/usr/bin/ld: cannot find -lpthreads
collect2: error: ld returned 1 exit status
make[1]: *** [cmTryCompileExec2638527315] Error 1
make[1]: Leaving directory `/home/uav_master/vision_ws/build/rovio/CMakeFiles/CMakeTmp'
make: *** [cmTryCompileExec2638527315/fast] Error 2


